<?xml version="1.0" encoding="UTF-8"?>
<!-- Generated by org.testng.reporters.JUnitReportReporter -->
<testsuite hostname="LAPTOP-CNVD48TM" failures="0" tests="2" name="SSC_new_script_handling.Test_script_for_SSC" time="25.177" errors="0" timestamp="2023-07-04T20:35:34 IST" skipped="0">
  <testcase classname="SSC_new_script_handling.Test_script_for_SSC" name="dd_handling" time="24.871"/>
  <testcase classname="SSC_new_script_handling.Test_script_for_SSC" name="all_manad" time="0.306"/>
</testsuite> <!-- SSC_new_script_handling.Test_script_for_SSC -->
