<?xml version="1.0" encoding="UTF-8"?>
<!-- Generated by org.testng.reporters.JUnitReportReporter -->
<testsuite hostname="LAPTOP-CNVD48TM" failures="0" tests="1" name="SSC_new_script_handling.NEW_10021" time="0.011" errors="0" timestamp="2023-07-04T20:10:17 IST" skipped="0">
  <testcase classname="SSC_new_script_handling.NEW_10021" name="SAmple" time="0.011"/>
</testsuite> <!-- SSC_new_script_handling.NEW_10021 -->
